<?xml version="1.0" encoding="UTF-8"?>
<testsuite xmlns:xsi="http://www.w3.org/2001/XMLSchema-instance" xsi:noNamespaceSchemaLocation="https://maven.apache.org/surefire/maven-surefire-plugin/xsd/surefire-test-report.xsd" version="3.0.2" name="TestSuite" time="71.682" tests="2" errors="0" skipped="0" failures="2">
  <properties>
[...]
</properties>
  <testcase name="verify_account_registration" classname="testCases.TC001_AccountRegistrationTest" time="31.01">
    <failure message="Exception occurred: Expected condition failed: waiting for presence of element located by: By.xpath: //a[@title=&apos;My Account&apos;] (tried for 30 second(s) with 500 milliseconds interval)" type="java.lang.AssertionError"><![CDATA[java.lang.AssertionError: Exception occurred: Expected condition failed: waiting for presence of element located by: By.xpath: //a[@title='My Account'] (tried for 30 second(s) with 500 milliseconds interval)
	at org.testng.Assert.fail(Assert.java:111)
	at testCases.TC001_AccountRegistrationTest.verify_account_registration(TC001_AccountRegistrationTest.java:67)
	at java.base/jdk.internal.reflect.DirectMethodHandleAccessor.invoke(DirectMethodHandleAccessor.java:103)
	at java.base/java.lang.reflect.Method.invoke(Method.java:580)
	at org.testng.internal.invokers.MethodInvocationHelper.invokeMethod(MethodInvocationHelper.java:141)
	at org.testng.internal.invokers.TestInvoker.invokeMethod(TestInvoker.java:687)
	at org.testng.internal.invokers.TestInvoker.invokeTestMethod(TestInvoker.java:230)
	at org.testng.internal.invokers.MethodRunner.runInSequence(MethodRunner.java:63)
	at org.testng.internal.invokers.TestInvoker$MethodInvocationAgent.invoke(TestInvoker.java:995)
	at org.testng.internal.invokers.TestInvoker.invokeTestMethods(TestInvoker.java:203)
	at org.testng.internal.invokers.TestMethodWorker.invokeTestMethods(TestMethodWorker.java:154)
	at org.testng.internal.invokers.TestMethodWorker.run(TestMethodWorker.java:134)
	at java.base/java.util.ArrayList.forEach(ArrayList.java:1597)
	at org.testng.TestRunner.privateRun(TestRunner.java:741)
	at org.testng.TestRunner.run(TestRunner.java:616)
	at org.testng.SuiteRunner.runTest(SuiteRunner.java:421)
	at org.testng.SuiteRunner.runSequentially(SuiteRunner.java:413)
	at org.testng.SuiteRunner.privateRun(SuiteRunner.java:373)
	at org.testng.SuiteRunner.run(SuiteRunner.java:312)
	at org.testng.SuiteRunnerWorker.runSuite(SuiteRunnerWorker.java:52)
	at org.testng.SuiteRunnerWorker.run(SuiteRunnerWorker.java:95)
	at org.testng.TestNG.runSuitesSequentially(TestNG.java:1274)
	at org.testng.TestNG.runSuitesLocally(TestNG.java:1208)
	at org.testng.TestNG.runSuites(TestNG.java:1112)
	at org.testng.TestNG.run(TestNG.java:1079)
	at org.apache.maven.surefire.testng.TestNGExecutor.run(TestNGExecutor.java:308)
	at org.apache.maven.surefire.testng.TestNGXmlTestSuite.execute(TestNGXmlTestSuite.java:71)
	at org.apache.maven.surefire.testng.TestNGProvider.invoke(TestNGProvider.java:113)
	at org.apache.maven.surefire.booter.ForkedBooter.runSuitesInProcess(ForkedBooter.java:385)
	at org.apache.maven.surefire.booter.ForkedBooter.execute(ForkedBooter.java:162)
	at org.apache.maven.surefire.booter.ForkedBooter.run(ForkedBooter.java:507)
	at org.apache.maven.surefire.booter.ForkedBooter.main(ForkedBooter.java:495)
]]></failure>
    <system-out><![CDATA[2025-06-15T19:06:36.319992Z main DEBUG Apache Log4j Core 2.24 initializing configuration XmlConfiguration[location=E:\IdeaProjects\OpenCartV1.1\target\test-classes\log4j2.xml, lastModified=2025-04-16T20:46:59.189Z]
2025-06-15T19:06:36.327841400Z main DEBUG PluginManager 'Core' found 131 plugins
2025-06-15T19:06:36.329846900Z main DEBUG PluginManager 'Level' found 0 plugins
2025-06-15T19:06:36.379059800Z main DEBUG Building Plugin[name=Property, class=org.apache.logging.log4j.core.config.Property].
2025-06-15T19:06:36.544726500Z main DEBUG PluginManager 'TypeConverter' found 26 plugins
2025-06-15T19:06:36.568516700Z main DEBUG createProperty(name="basePath", value="E:/IdeaProjects/OpenCartV1.1/logs", Configuration(E:\IdeaProjects\OpenCartV1.1\target\test-classes\log4j2.xml))
2025-06-15T19:06:36.573571700Z main DEBUG Building Plugin[name=Properties, class=org.apache.logging.log4j.core.config.PropertiesPlugin].
2025-06-15T19:06:36.580112300Z main DEBUG configureSubstitutor(={basePath=E:/IdeaProjects/OpenCartV1.1/logs}, Configuration(E:\IdeaProjects\OpenCartV1.1\target\test-classes\log4j2.xml))
2025-06-15T19:06:36.585208800Z main DEBUG PluginManager 'Lookup' found 16 plugins
2025-06-15T19:06:36.586263600Z main DEBUG Building Plugin[name=layout, class=org.apache.logging.log4j.core.layout.PatternLayout].
2025-06-15T19:06:36.622714900Z main DEBUG PatternLayout$Builder(pattern="%d{HH:mm:ss} [%t] %-5level %logger{36} - %msg%n", PatternSelector=null, Configuration(E:\IdeaProjects\OpenCartV1.1\target\test-classes\log4j2.xml), Replace=null, charset="null", alwaysWriteExceptions="null", disableAnsi="null", noConsoleNoAnsi="null", header="null", footer="null")
2025-06-15T19:06:36.622714900Z main DEBUG PluginManager 'Converter' found 45 plugins
2025-06-15T19:06:36.641401200Z main DEBUG Building Plugin[name=appender, class=org.apache.logging.log4j.core.appender.ConsoleAppender].
2025-06-15T19:06:36.686181400Z main DEBUG ConsoleAppender$Builder(target="SYSTEM_OUT", follow="null", direct="null", bufferedIo="null", bufferSize="null", immediateFlush="null", ignoreExceptions="null", PatternLayout(%d{HH:mm:ss} [%t] %-5level %logger{36} - %msg%n), name="Console", Configuration(E:\IdeaProjects\OpenCartV1.1\target\test-classes\log4j2.xml), Filter=null, ={})
2025-06-15T19:06:36.692711400Z main DEBUG Starting OutputStreamManager SYSTEM_OUT.false.false
2025-06-15T19:06:36.693241700Z main DEBUG Building Plugin[name=layout, class=org.apache.logging.log4j.core.layout.PatternLayout].
2025-06-15T19:06:36.695276700Z main DEBUG PatternLayout$Builder(pattern="%d{HH:mm:ss} [%t] %-5level %logger{36} - %msg%n", PatternSelector=null, Configuration(E:\IdeaProjects\OpenCartV1.1\target\test-classes\log4j2.xml), Replace=null, charset="null", alwaysWriteExceptions="null", disableAnsi="null", noConsoleNoAnsi="null", header="null", footer="null")
2025-06-15T19:06:36.695276700Z main DEBUG Building Plugin[name=SizeBasedTriggeringPolicy, class=org.apache.logging.log4j.core.appender.rolling.SizeBasedTriggeringPolicy].
2025-06-15T19:06:36.695276700Z main DEBUG createPolicy(size="50MB")
2025-06-15T19:06:36.705373800Z main DEBUG Building Plugin[name=appender, class=org.apache.logging.log4j.core.appender.RollingFileAppender].
2025-06-15T19:06:36.723761Z main DEBUG RollingFileAppender$Builder(fileName="E:/IdeaProjects/OpenCartV1.1/logs/automation.log", filePattern="E:/IdeaProjects/OpenCartV1.1/logs/automation-%d{yyyy-MM-dd}.log", append="null", locking="null", SizeBasedTriggeringPolicy(SizeBasedTriggeringPolicy(size=52428800)), Strategy=null, advertise="null", advertiseUri="null", createOnDemand="null", filePermissions="null", fileOwner="null", fileGroup="null", bufferedIo="null", bufferSize="null", immediateFlush="true", ignoreExceptions="null", PatternLayout(%d{HH:mm:ss} [%t] %-5level %logger{36} - %msg%n), name="File", Configuration(E:\IdeaProjects\OpenCartV1.1\target\test-classes\log4j2.xml), Filter=null, ={})
2025-06-15T19:06:36.741955100Z main DEBUG Returning file creation time for E:\IdeaProjects\OpenCartV1.1\logs\automation.log
2025-06-15T19:06:36.747041900Z main DEBUG Starting RollingFileManager E:/IdeaProjects/OpenCartV1.1/logs/automation.log
2025-06-15T19:06:36.752577200Z main DEBUG PluginManager 'FileConverter' found 2 plugins
2025-06-15T19:06:36.776777600Z main DEBUG Setting prev file time to 2025-04-17T01:28:22.588+0530
2025-06-15T19:06:36.776777600Z main DEBUG Initializing triggering policy SizeBasedTriggeringPolicy(size=52428800)
2025-06-15T19:06:36.776777600Z main DEBUG Building Plugin[name=Appenders, class=org.apache.logging.log4j.core.config.AppendersPlugin].
2025-06-15T19:06:36.776777600Z main DEBUG createAppenders(={Console, File})
2025-06-15T19:06:36.781891700Z main DEBUG Building Plugin[name=AppenderRef, class=org.apache.logging.log4j.core.config.AppenderRef].
2025-06-15T19:06:36.783422700Z main DEBUG createAppenderRef(ref="Console", level="null", Filter=null)
2025-06-15T19:06:36.789468Z main DEBUG Building Plugin[name=AppenderRef, class=org.apache.logging.log4j.core.config.AppenderRef].
2025-06-15T19:06:36.789468Z main DEBUG createAppenderRef(ref="File", level="null", Filter=null)
2025-06-15T19:06:36.789468Z main DEBUG Building Plugin[name=Root, class=org.apache.logging.log4j.core.config.LoggerConfig$RootLogger].
2025-06-15T19:06:36.801605100Z main DEBUG LoggerConfig$RootLogger$Builder(additivity="null", level="DEBUG", levelAndRefs="null", includeLocation="null", ={Console, File}, ={}, Configuration(E:\IdeaProjects\OpenCartV1.1\target\test-classes\log4j2.xml), Filter=null)
2025-06-15T19:06:36.809181800Z main DEBUG Building Plugin[name=Loggers, class=org.apache.logging.log4j.core.config.LoggersPlugin].
2025-06-15T19:06:36.809181800Z main DEBUG createLoggers(={root})
2025-06-15T19:06:36.809181800Z main DEBUG Configuration XmlConfiguration[location=E:\IdeaProjects\OpenCartV1.1\target\test-classes\log4j2.xml, lastModified=2025-04-16T20:46:59.189Z] initialized
2025-06-15T19:06:36.813219300Z main INFO Starting configuration XmlConfiguration[location=E:\IdeaProjects\OpenCartV1.1\target\test-classes\log4j2.xml, lastModified=2025-04-16T20:46:59.189Z]...
2025-06-15T19:06:36.813219300Z main INFO Start watching for changes to E:\IdeaProjects\OpenCartV1.1\target\test-classes\log4j2.xml every 0 seconds
2025-06-15T19:06:36.813219300Z main INFO Configuration XmlConfiguration[location=E:\IdeaProjects\OpenCartV1.1\target\test-classes\log4j2.xml, lastModified=2025-04-16T20:46:59.189Z] started.
2025-06-15T19:06:36.825344400Z main INFO Stopping configuration org.apache.logging.log4j.core.config.DefaultConfiguration@3d680b5a...
2025-06-15T19:06:36.825344400Z main DEBUG Shutting down OutputStreamManager SYSTEM_OUT.false.false-1
2025-06-15T19:06:36.829895900Z main DEBUG OutputStream closed
2025-06-15T19:06:36.829895900Z main DEBUG Shut down OutputStreamManager SYSTEM_OUT.false.false-1, all resources released: true
2025-06-15T19:06:36.829895900Z main DEBUG Appender DefaultConsole-1 stopped with status true
2025-06-15T19:06:36.829895900Z main INFO Configuration org.apache.logging.log4j.core.config.DefaultConfiguration@3d680b5a stopped.
2025-06-15T19:06:36.840014800Z main DEBUG org.apache.logging.log4j.core.util.SystemClock supports precise timestamps.
2025-06-15T19:06:36.840215200Z main DEBUG Reconfiguration complete for context[name=70dea4e] at URI E:\IdeaProjects\OpenCartV1.1\target\test-classes\log4j2.xml (org.apache.logging.log4j.core.LoggerContext@53fb3dab) with optional ClassLoader: null
2025-06-15T19:06:36.840215200Z main DEBUG Shutdown hook enabled. Registering a new one.
2025-06-15T19:06:36.842246200Z main DEBUG LoggerContext[name=70dea4e, org.apache.logging.log4j.core.LoggerContext@53fb3dab] started OK.
00:36:37 [main] DEBUG org.testng.TestNG - suiteXmlPath: "E:\IdeaProjects\OpenCartV1.1\testng.xml"
00:36:38 [main] INFO  testCases.BaseClass - ENV = remote
00:36:38 [main] INFO  testCases.BaseClass - Starting browser setup for: chrome
00:36:38 [main] INFO  testCases.BaseClass - Grid returned ready = true. Assuming slots are warming up...
00:36:38 [main] INFO  testCases.BaseClass - ✅ Grid is ready and slot available for: chrome
00:36:40 [main] INFO  testCases.BaseClass - ***********Starting Account Registration Test*****************
Page title: 
Page URL: data:,
ConfigReader.readURL(): https://tutorialsninja.com/demo/
00:37:11 [main] ERROR testCases.BaseClass - Test failed
org.openqa.selenium.TimeoutException: Expected condition failed: waiting for presence of element located by: By.xpath: //a[@title='My Account'] (tried for 30 second(s) with 500 milliseconds interval)
	at org.openqa.selenium.support.ui.WebDriverWait.timeoutException(WebDriverWait.java:84) ~[selenium-support-4.31.0.jar:?]
	at org.openqa.selenium.support.ui.FluentWait.until(FluentWait.java:228) ~[selenium-support-4.31.0.jar:?]
	at pageObjects.HomePage.clickMyAccount(HomePage.java:113) ~[test-classes/:?]
	at testCases.TC001_AccountRegistrationTest.verify_account_registration(TC001_AccountRegistrationTest.java:23) ~[test-classes/:?]
	at java.base/jdk.internal.reflect.DirectMethodHandleAccessor.invoke(DirectMethodHandleAccessor.java:103) ~[?:?]
	at java.base/java.lang.reflect.Method.invoke(Method.java:580) ~[?:?]
	at org.testng.internal.invokers.MethodInvocationHelper.invokeMethod(MethodInvocationHelper.java:141) ~[testng-7.11.0.jar:7.11.0]
	at org.testng.internal.invokers.TestInvoker.invokeMethod(TestInvoker.java:687) ~[testng-7.11.0.jar:7.11.0]
	at org.testng.internal.invokers.TestInvoker.invokeTestMethod(TestInvoker.java:230) ~[testng-7.11.0.jar:7.11.0]
	at org.testng.internal.invokers.MethodRunner.runInSequence(MethodRunner.java:63) ~[testng-7.11.0.jar:7.11.0]
	at org.testng.internal.invokers.TestInvoker$MethodInvocationAgent.invoke(TestInvoker.java:995) ~[testng-7.11.0.jar:7.11.0]
	at org.testng.internal.invokers.TestInvoker.invokeTestMethods(TestInvoker.java:203) ~[testng-7.11.0.jar:7.11.0]
	at org.testng.internal.invokers.TestMethodWorker.invokeTestMethods(TestMethodWorker.java:154) ~[testng-7.11.0.jar:7.11.0]
	at org.testng.internal.invokers.TestMethodWorker.run(TestMethodWorker.java:134) ~[testng-7.11.0.jar:7.11.0]
	at java.base/java.util.ArrayList.forEach(ArrayList.java:1597) [?:?]
	at org.testng.TestRunner.privateRun(TestRunner.java:741) [testng-7.11.0.jar:7.11.0]
	at org.testng.TestRunner.run(TestRunner.java:616) [testng-7.11.0.jar:7.11.0]
	at org.testng.SuiteRunner.runTest(SuiteRunner.java:421) [testng-7.11.0.jar:7.11.0]
	at org.testng.SuiteRunner.runSequentially(SuiteRunner.java:413) [testng-7.11.0.jar:7.11.0]
	at org.testng.SuiteRunner.privateRun(SuiteRunner.java:373) [testng-7.11.0.jar:7.11.0]
	at org.testng.SuiteRunner.run(SuiteRunner.java:312) [testng-7.11.0.jar:7.11.0]
	at org.testng.SuiteRunnerWorker.runSuite(SuiteRunnerWorker.java:52) [testng-7.11.0.jar:7.11.0]
	at org.testng.SuiteRunnerWorker.run(SuiteRunnerWorker.java:95) [testng-7.11.0.jar:7.11.0]
	at org.testng.TestNG.runSuitesSequentially(TestNG.java:1274) [testng-7.11.0.jar:7.11.0]
	at org.testng.TestNG.runSuitesLocally(TestNG.java:1208) [testng-7.11.0.jar:7.11.0]
	at org.testng.TestNG.runSuites(TestNG.java:1112) [testng-7.11.0.jar:7.11.0]
	at org.testng.TestNG.run(TestNG.java:1079) [testng-7.11.0.jar:7.11.0]
	at org.apache.maven.surefire.testng.TestNGExecutor.run(TestNGExecutor.java:308) [surefire-testng-3.5.3.jar:3.5.3]
	at org.apache.maven.surefire.testng.TestNGXmlTestSuite.execute(TestNGXmlTestSuite.java:71) [surefire-testng-3.5.3.jar:3.5.3]
	at org.apache.maven.surefire.testng.TestNGProvider.invoke(TestNGProvider.java:113) [surefire-testng-3.5.3.jar:3.5.3]
	at org.apache.maven.surefire.booter.ForkedBooter.runSuitesInProcess(ForkedBooter.java:385) [surefire-booter-3.5.3.jar:3.5.3]
	at org.apache.maven.surefire.booter.ForkedBooter.execute(ForkedBooter.java:162) [surefire-booter-3.5.3.jar:3.5.3]
	at org.apache.maven.surefire.booter.ForkedBooter.run(ForkedBooter.java:507) [surefire-booter-3.5.3.jar:3.5.3]
	at org.apache.maven.surefire.booter.ForkedBooter.main(ForkedBooter.java:495) [surefire-booter-3.5.3.jar:3.5.3]
Caused by: org.openqa.selenium.NoSuchElementException: no such element: Unable to locate element: {"method":"xpath","selector":"//a[@title='My Account']"}
  (Session info: chrome=135.0.7049.84)
For documentation on this error, please visit: https://www.selenium.dev/documentation/webdriver/troubleshooting/errors#no-such-element-exception
Build info: version: '4.31.0', revision: '1ef9f18787*'
System info: os.name: 'Windows 10', os.arch: 'amd64', os.version: '10.0', java.version: '23.0.2'
Driver info: org.openqa.selenium.remote.RemoteWebDriver
Command: [1d911fe0469a619d30f5bc00d5a019c5, findElement {using=xpath, value=//a[@title='My Account']}]
Capabilities {acceptInsecureCerts: false, browserName: chrome, browserVersion: 135.0.7049.84, chrome: {chromedriverVersion: 135.0.7049.84 (6c019e560019..., userDataDir: /tmp/.org.chromium.Chromium...}, fedcm:accounts: true, goog:chromeOptions: {debuggerAddress: localhost:44537}, networkConnectionEnabled: false, pageLoadStrategy: normal, platformName: linux, proxy: Proxy(), se:bidiEnabled: false, se:cdp: ws://172.18.0.5:4444/sessio..., se:cdpVersion: 135.0.7049.84, se:containerName: 854a2bfec950, se:noVncPort: 7900, se:vnc: ws://172.18.0.5:4444/sessio..., se:vncEnabled: true, se:vncLocalAddress: ws://172.18.0.5:7900, setWindowRect: true, strictFileInteractability: false, timeouts: {implicit: 0, pageLoad: 300000, script: 30000}, unhandledPromptBehavior: dismiss and notify, webauthn:extension:credBlob: true, webauthn:extension:largeBlob: true, webauthn:extension:minPinLength: true, webauthn:extension:prf: true, webauthn:virtualAuthenticators: true}
Session ID: 1d911fe0469a619d30f5bc00d5a019c5
	at java.base/jdk.internal.reflect.DirectConstructorHandleAccessor.newInstance(DirectConstructorHandleAccessor.java:62) ~[?:?]
	at java.base/java.lang.reflect.Constructor.newInstanceWithCaller(Constructor.java:501) ~[?:?]
	at java.base/java.lang.reflect.Constructor.newInstance(Constructor.java:485) ~[?:?]
	at org.openqa.selenium.remote.ErrorCodec.decode(ErrorCodec.java:167) ~[selenium-remote-driver-4.31.0.jar:?]
	at org.openqa.selenium.remote.codec.w3c.W3CHttpResponseCodec.decode(W3CHttpResponseCodec.java:138) ~[selenium-remote-driver-4.31.0.jar:?]
	at org.openqa.selenium.remote.codec.w3c.W3CHttpResponseCodec.decode(W3CHttpResponseCodec.java:50) ~[selenium-remote-driver-4.31.0.jar:?]
	at org.openqa.selenium.remote.HttpCommandExecutor.execute(HttpCommandExecutor.java:215) ~[selenium-remote-driver-4.31.0.jar:?]
	at org.openqa.selenium.remote.TracedCommandExecutor.execute(TracedCommandExecutor.java:53) ~[selenium-remote-driver-4.31.0.jar:?]
	at org.openqa.selenium.remote.RemoteWebDriver.execute(RemoteWebDriver.java:545) ~[selenium-remote-driver-4.31.0.jar:?]
	at org.openqa.selenium.remote.ElementLocation$ElementFinder$2.findElement(ElementLocation.java:165) ~[selenium-remote-driver-4.31.0.jar:?]
	at org.openqa.selenium.remote.ElementLocation.findElement(ElementLocation.java:59) ~[selenium-remote-driver-4.31.0.jar:?]
	at org.openqa.selenium.remote.RemoteWebDriver.findElement(RemoteWebDriver.java:368) ~[selenium-remote-driver-4.31.0.jar:?]
	at org.openqa.selenium.remote.RemoteWebDriver.findElement(RemoteWebDriver.java:362) ~[selenium-remote-driver-4.31.0.jar:?]
	at org.openqa.selenium.support.ui.ExpectedConditions$6.apply(ExpectedConditions.java:171) ~[selenium-support-4.31.0.jar:?]
	at org.openqa.selenium.support.ui.ExpectedConditions$6.apply(ExpectedConditions.java:168) ~[selenium-support-4.31.0.jar:?]
	at org.openqa.selenium.support.ui.FluentWait.until(FluentWait.java:203) ~[selenium-support-4.31.0.jar:?]
	... 32 more
]]></system-out>
    <system-err><![CDATA[Jun 16, 2025 12:36:38 AM org.openqa.selenium.remote.tracing.opentelemetry.OpenTelemetryTracer createTracer
INFO: Using OpenTelemetry for tracing
clickMyAccount failed: Expected condition failed: waiting for presence of element located by: By.xpath: //a[@title='My Account'] (tried for 30 second(s) with 500 milliseconds interval)
]]></system-err>
  </testcase>
  <testcase name="testLogin" classname="testCases.TC002_LoginTest" time="30.655">
    <failure message="Expected condition failed: waiting for presence of element located by: By.xpath: //a[@title=&apos;My Account&apos;] (tried for 30 second(s) with 500 milliseconds interval)" type="java.lang.AssertionError"><![CDATA[java.lang.AssertionError: Expected condition failed: waiting for presence of element located by: By.xpath: //a[@title='My Account'] (tried for 30 second(s) with 500 milliseconds interval)
	at org.testng.Assert.fail(Assert.java:111)
	at testCases.TC002_LoginTest.testLogin(TC002_LoginTest.java:32)
	at java.base/jdk.internal.reflect.DirectMethodHandleAccessor.invoke(DirectMethodHandleAccessor.java:103)
	at java.base/java.lang.reflect.Method.invoke(Method.java:580)
	at org.testng.internal.invokers.MethodInvocationHelper.invokeMethod(MethodInvocationHelper.java:141)
	at org.testng.internal.invokers.TestInvoker.invokeMethod(TestInvoker.java:687)
	at org.testng.internal.invokers.TestInvoker.invokeTestMethod(TestInvoker.java:230)
	at org.testng.internal.invokers.MethodRunner.runInSequence(MethodRunner.java:63)
	at org.testng.internal.invokers.TestInvoker$MethodInvocationAgent.invoke(TestInvoker.java:995)
	at org.testng.internal.invokers.TestInvoker.invokeTestMethods(TestInvoker.java:203)
	at org.testng.internal.invokers.TestMethodWorker.invokeTestMethods(TestMethodWorker.java:154)
	at org.testng.internal.invokers.TestMethodWorker.run(TestMethodWorker.java:134)
	at java.base/java.util.ArrayList.forEach(ArrayList.java:1597)
	at org.testng.TestRunner.privateRun(TestRunner.java:741)
	at org.testng.TestRunner.run(TestRunner.java:616)
	at org.testng.SuiteRunner.runTest(SuiteRunner.java:421)
	at org.testng.SuiteRunner.runSequentially(SuiteRunner.java:413)
	at org.testng.SuiteRunner.privateRun(SuiteRunner.java:373)
	at org.testng.SuiteRunner.run(SuiteRunner.java:312)
	at org.testng.SuiteRunnerWorker.runSuite(SuiteRunnerWorker.java:52)
	at org.testng.SuiteRunnerWorker.run(SuiteRunnerWorker.java:95)
	at org.testng.TestNG.runSuitesSequentially(TestNG.java:1274)
	at org.testng.TestNG.runSuitesLocally(TestNG.java:1208)
	at org.testng.TestNG.runSuites(TestNG.java:1112)
	at org.testng.TestNG.run(TestNG.java:1079)
	at org.apache.maven.surefire.testng.TestNGExecutor.run(TestNGExecutor.java:308)
	at org.apache.maven.surefire.testng.TestNGXmlTestSuite.execute(TestNGXmlTestSuite.java:71)
	at org.apache.maven.surefire.testng.TestNGProvider.invoke(TestNGProvider.java:113)
	at org.apache.maven.surefire.booter.ForkedBooter.runSuitesInProcess(ForkedBooter.java:385)
	at org.apache.maven.surefire.booter.ForkedBooter.execute(ForkedBooter.java:162)
	at org.apache.maven.surefire.booter.ForkedBooter.run(ForkedBooter.java:507)
	at org.apache.maven.surefire.booter.ForkedBooter.main(ForkedBooter.java:495)
]]></failure>
    <system-out><![CDATA[00:37:11 [main] INFO  testCases.BaseClass - Quitting browser...
00:37:12 [main] INFO  testCases.BaseClass - ENV = remote
00:37:12 [main] INFO  testCases.BaseClass - Starting browser setup for: chrome
00:37:12 [main] INFO  testCases.BaseClass - *********Starting TC002_LoginTest***********
Page title: 
Page URL: data:,
ConfigReader.readURL(): https://tutorialsninja.com/demo/
00:37:43 [main] ERROR testCases.BaseClass - Test failed :org.openqa.selenium.TimeoutException: Expected condition failed: waiting for presence of element located by: By.xpath: //a[@title='My Account'] (tried for 30 second(s) with 500 milliseconds interval)
]]></system-out>
    <system-err><![CDATA[clickMyAccount failed: Expected condition failed: waiting for presence of element located by: By.xpath: //a[@title='My Account'] (tried for 30 second(s) with 500 milliseconds interval)
]]></system-err>
  </testcase>
</testsuite>